/usr/local/opt/rbenv/versions/2.1.5/bin/ruby -r ./siteconf20150722-1237-1m0mdfy.rb extconf.rb
creating Makefile

make "DESTDIR=" clean

make "DESTDIR="
compiling html_smartypants.c
html_smartypants.c: In function ‘squote_len’:
html_smartypants.c:92:2: warning: initialization discards ‘const’ qualifier from pointer target type [enabled by default]
  static char* single_quote_list[] = { "'", "&#39;", "&#x27;", "&apos;", NULL };
  ^
html_smartypants.c:92:2: warning: initialization discards ‘const’ qualifier from pointer target type [enabled by default]
html_smartypants.c:92:2: warning: initialization discards ‘const’ qualifier from pointer target type [enabled by default]
html_smartypants.c:92:2: warning: initialization discards ‘const’ qualifier from pointer target type [enabled by default]
html_smartypants.c: In function ‘smartypants_squote’:
html_smartypants.c:137:30: warning: comparison between signed and unsigned integer expressions [-Wsign-compare]
    uint8_t next_char = (size > 1+next_squote_len) ? text[1+next_squote_len] : 0;
                              ^
html_smartypants.c: In function ‘smartypants_cb__amp’:
html_smartypants.c:238:2: warning: ISO C90 forbids mixed declarations and code [-Wdeclaration-after-statement]
  int len = squote_len(text, size);
  ^
compiling rc_render.c
rc_render.c: In function ‘rndr_link_attributes’:
rc_render.c:281:28: warning: variable ‘rndr’ set but not used [-Wunused-but-set-variable]
  struct rb_redcarpet_rndr *rndr;
                            ^
compiling rc_markdown.c
rc_markdown.c: In function ‘rb_redcarpet_md_render’:
rc_markdown.c:125:2: warning: ISO C90 forbids mixed declarations and code [-Wdeclaration-after-statement]
  struct rb_redcarpet_rndr *renderer;
  ^
compiling houdini_html_e.c
compiling html.c
html.c: In function ‘header_anchor’:
html.c:274:2: warning: ISO C90 forbids mixed declarations and code [-Wdeclaration-after-statement]
  char raw_string[size];
  ^
html.c:296:2: warning: ISO C90 forbids mixed declarations and code [-Wdeclaration-after-statement]
  char* heading = malloc(size * sizeof(char));
  ^
compiling stack.c
compiling houdini_href_e.c
compiling buffer.c
buffer.c: In function ‘bufcstr’:
buffer.c:104:2: warning: passing argument 1 of ‘bufgrow’ discards ‘const’ qualifier from pointer target type [enabled by default]
  if (buf->size + 1 <= buf->asize || bufgrow(buf, buf->size + 1) == BUF_OK) {
  ^
buffer.c:53:1: note: expected ‘struct buf *’ but argument is of type ‘const struct buf *’
 bufgrow(struct buf *buf, size_t neosz)
 ^
compiling autolink.c
compiling markdown.c
markdown.c: In function ‘char_link’:
markdown.c:1043:3: warning: ISO C90 forbids mixed declarations and code [-Wdeclaration-after-statement]
   struct buf id = { 0, 0, 0, 0 };
   ^
markdown.c:1083:3: warning: ISO C90 forbids mixed declarations and code [-Wdeclaration-after-statement]
   size_t nb_p = 0;
   ^
markdown.c: In function ‘sd_markdown_render’:
markdown.c:2816:2: warning: ISO C90 forbids mixed declarations and code [-Wdeclaration-after-statement]
  int footnotes_enabled  = md->ext_flags & MKDEXT_FOOTNOTES;
  ^
markdown.c:2834:3: warning: passing argument 1 of ‘is_codefence’ discards ‘const’ qualifier from pointer target type [enabled by default]
   if (codefences_enabled && (is_codefence(document + beg, doc_size - beg, NULL) != 0))
   ^
markdown.c:1387:1: note: expected ‘uint8_t *’ but argument is of type ‘const uint8_t *’
 is_codefence(uint8_t *data, size_t size, struct buf *syntax)
 ^
markdown.c: At top level:
markdown.c:90:15: warning: ‘char_underline’ declared ‘static’ but never defined [-Wunused-function]
 static size_t char_underline(struct buf *ob, struct sd_markdown *rndr, uint8_t *data, size_t offset, size_t size);
               ^
markdown.c:91:15: warning: ‘char_highlight’ declared ‘static’ but never defined [-Wunused-function]
 static size_t char_highlight(struct buf *ob, struct sd_markdown *rndr, uint8_t *data, size_t offset, size_t size);
               ^
linking shared-object redcarpet.so

make "DESTDIR=" install
/usr/bin/install -c -m 0755 redcarpet.so ./.gem.20150722-1237-k1b2xg
installing default redcarpet libraries
