/usr/local/opt/rbenv/versions/2.1.5/bin/ruby -r ./siteconf20150722-1237-6vaqll.rb extconf.rb
checking for ffi_call() in -lffi... yes
checking for ffi_prep_closure()... yes
checking for ffi_raw_call()... yes
checking for ffi_prep_raw_closure()... yes
checking for rb_thread_blocking_region()... yes
checking for rb_thread_call_with_gvl()... yes
checking for rb_thread_call_without_gvl()... yes
checking for ffi_prep_cif_var()... yes
creating extconf.h
creating Makefile

make "DESTDIR=" clean

make "DESTDIR="
compiling Thread.c
compiling Struct.c
compiling ClosurePool.c
compiling MethodHandle.c
compiling MemoryPointer.c
compiling StructByValue.c
compiling ffi.c
compiling Types.c
compiling StructByReference.c
compiling Pointer.c
compiling FunctionInfo.c
compiling LastError.c
compiling Call.c
compiling StructLayout.c
compiling DynamicLibrary.c
compiling DataConverter.c
compiling AbstractMemory.c
compiling Platform.c
compiling Type.c
compiling MappedType.c
compiling LongDouble.c
compiling Buffer.c
compiling ArrayType.c
compiling Variadic.c
compiling Function.c
linking shared-object ffi_c.so

make "DESTDIR=" install
/usr/bin/install -c -m 0755 ffi_c.so ./.gem.20150722-1237-ghzkoi
installing default ffi_c libraries
